/*
 *	aegis - project change supervisor
 *	Copyright (C) 1997, 1998, 2002 Peter Miller;
 *	All rights reserved.
 *
 *	This program is free software; you can redistribute it and/or modify
 *	it under the terms of the GNU General Public License as published by
 *	the Free Software Foundation; either version 2 of the License, or
 *	(at your option) any later version.
 *
 *	This program is distributed in the hope that it will be useful,
 *	but WITHOUT ANY WARRANTY; without even the implied warranty of
 *	MERCHANTABILITY or FITNESS FOR A PARTICULAR PURPOSE.  See the
 *	GNU General Public License for more details.
 *
 *	You should have received a copy of the GNU General Public License
 *	along with this program; if not, write to the Free Software
 *	Foundation, Inc., 59 Temple Place, Suite 330, Boston, MA 02111, USA.
 *
 * MANIFEST: report the history of files
 */

auto script_name;
script_name = getenv("SCRIPT_NAME");
if (script_name == "")
	script_name = "http://localhost/cgi-bin/aegis.cgi";
auto pn;
pn = project_name();

columns({width = 1000; });
print("Content-Type: text/html");
print("");
print("<!DOCTYPE HTML PUBLIC \"-//W3C//DTD HTML 4.0 Transitional//EN\"");
print("                      \"http://www.w3.org/TR/REC-html40/loose.dtd\">");

print("<html><head>");
print("<meta name=\"GENERATOR\" content=\"" ## script_name ## "\">");
print("<meta http-equiv=\"Content-Type\" "
	## "content=\"text/html; charset=ISO-8859-1\">");
print("<style type=\"text/css\"> "
	## "tr.even-group { background-color: #CCCCCC; } "
	## "body { background-color: white; } "
	## "</style>");
/*
 * Netscape 4.x has numerous CSS bugs, two of which need mentioning.
 * 1. If a style sheet is nopt present Netscape says 404 Not found, when
 * it should silently ignore it.  2. Style sheets who's media is not
 * "screen" will be ignored.  Fortunately we can use (2) to get around (1).
 */
print("<link rel=\"stylesheet\" type=\"text/css\" href=\"/aedefault.css\" "
	## "media=\"all\">");
print("<link rel=\"stylesheet\" type=\"text/css\" href=\"/" ## pn ## ".css\" "
	## "media=\"all\">");
print("<title>");

print("Project " ## quote_html(pn) ## ",");
print("File History Report");
print("</title></head><body><h1 align=center>");
auto href;
href = script_name ## "?file@proj_menu+project@" ## quote_url(pn);
print("Project ``<a href=\"" ## href ## "\">" ## quote_html(pn) ## "</a>'',");
if (change_number_set())
{
    href = script_name ## "?file@chan_menu+project@" ## quote_url(pn)
	## "+change@" ## change_number();
    print("Change <a href=\"" ## href ## "\">" ## change_number() ## "</a>,");
}
if (count(arg) == 1)
    print("File ``" ## quote_html(arg[0]) ## "'',");
print("<br>File History");
print("</h1>");
print("<div class=\"information\">");

print("<table>");

auto ps;
ps = project[project_name()].state;

/*
 * use the files named on the command line,
 * or all project files if not specified
 */
auto file, cs;
if (count(arg) == 0)
{
    if (change_number_set())
    {
	cs = ps.branch.change[change_number()];
	for (file in cs.src)
	    arg ##= file.file_name;
    }
    else
    {
	for (file in ps.src)
	    arg ##= file.file_name;
    }
}

/*
 * create an empty history for each file
 */
auto hist;
for (file in arg)
    hist[file] = [];

/*
 * scan all completed changes
 * for any of the named files
 */
auto ph, cf;
for (ph in ps.branch.history)
{
    cs = ps.branch.change[ph.change_number];
    for (cf in cs.src)
    {
	if (cf.file_name in arg)
	{
	    if (cf.usage == build && cf.action == modify)
		continue;
	    hist[cf.file_name] ##=
		{
		    usage = cf.usage;
		    action = cf.action;
		    edit = cf.edit.revision;
		    delta = ph.delta_number;
		    when = cs.history[count(cs.history) - 1].when;
		    change = ph.change_number;
		    description = cs.brief_description;
		    move = cf.move;
		};
	}
    }
}

/*
 * print the accumulated history
 */
auto fh, actions, usages;
for (file in sort(keys(hist)))
{
    href = script_name ## "?file@file_menu+" ## quote_url(file);
    href ##= "+project@" ## quote_url(project_name());

    print("<tr><td colspan=8><br><p>");
    print("<a href=\"" ## href ## "\">");
    print("<span class=\"filename\">" ## quote_html(file) ## "</span></a>");
    print("</td></tr>");

    print("<tr><th></th><th>Type</th><th>Action</th><th>Delta</th>");
    print("<th>When</th>");
    print("<th>Change</th><th>Edit</th><th>Description</th></tr>");

    actions = "BS";
    usages = "BS";
    for (fh in hist[file])
    {
	print("<tr><td>&nbsp;&nbsp;</td><td valign=top>");
	if (fh.usage != usages)
	    print(fh.usage);
	print("</td><td valign=top>");
	if (fh.action != actions)
	    print(fh.action);
	print("</td><td valign=top align=right>");
	print(fh.delta);
	print("</td><td valign=top>");
	print(fh.when);
	print("</td><td valign=top align=right>");
	href = script_name ## "?file@chan_menu";
	href ##= "+project@" ## quote_url(project_name());
	href ##= "+change@" ## fh.change;
	print("<a href=\"" ## href ## "\">");
	print(fh.change ## "</a>");
	print("</td><td valign=top align=right>");
	print(fh.edit);
	print("</td><td valign=top>");
	auto part;
	for (part in wrap_html(quote_html(fh.description), 80))
	    print(part);
	if (fh.move != "")
	{
	    href = script_name ## "?file@file_menu+" ## quote_url(fh.move);
	    href ##= "+project@" ## quote_url(project_name());

	    print("<br>Moved");
	    if (fh.action == create)
		print("from");
	    else
		print("to");
	    print("<a href=\"" ## href ## "\">");
	    print("<span class=\"filename\">" ## quote_html(fh.move)
		## "</span></a>");
	}
	print("</td></tr>");
	actions = fh.action;
	usages = fh.usage;
    }
}
print("<tr><td colspan=8><br><p>");
print("Listed " ## count(keys(hist)) ## " files.");
print("</td></tr>");
print("</table>");
print("</div>");

print("<hr>");
print("<div class=\"report-cmd\">");
print("A similar report may be obtained from the command line, with");
print("<blockquote><samp>aer file_history [ <i>filename</i> ] -p " ##
    quote_html(project_name()) ## "</samp></blockquote>");
print("</div>");

print("<hr>");
print("<p align=center class=\"navbar\">[");
print("<a href=\"" ## script_name ## "\">Project List</a> |");
href = script_name ## "?file@proj_menu+project@" ## quote_url(pn);
print("<a href=\"" ## href ## "\">Project Menu</a> |");
href = script_name ## "?file@chan_list+project@" ## quote_url(pn);
print("<a href=\"" ## href ## "\">Change List</a>");
if (change_number_set())
{
    href = script_name ## "?file@chan_menu+project@" ## quote_url(pn) ##
	"+change@" ## change_number();
    print("| <a href=\"" ## href ## "\">Change Menu</a>");
}
print("]</p>");

print("<hr>");
print("This page was generated " ## now() ## ".");
print("</body></html>");
